<?xml version="1.0" encoding="UTF-8"?>
<testsuite xmlns:xsi="http://www.w3.org/2001/XMLSchema-instance" xsi:noNamespaceSchemaLocation="https://maven.apache.org/surefire/maven-surefire-plugin/xsd/surefire-test-report-3.0.xsd" version="3.0" name="runner.RunTest" time="11.423" tests="5" errors="0" skipped="0" failures="0">
  <properties>
[...]
</properties>
  <testcase name="Dado que estou no site da qazando" classname="Cenario: Visualizar codigo de desconto" time="0.002">
    <system-err><![CDATA[Starting ChromeDriver 115.0.5790.110 (5e87dfef0c85687ea835e444d33466745cc0725f-refs/branch-heads/5790_90@{#20}) on port 24927
Only local connections are allowed.
Please see https://chromedriver.chromium.org/security-considerations for suggestions on keeping ChromeDriver safe.
ChromeDriver was started successfully.
ago 12, 2023 3:07:31 PM org.openqa.selenium.remote.ProtocolHandshake createSession
INFORMAÇÕES: Detected dialect: W3C
]]></system-err>
  </testcase>
  <testcase name="Quando preencho meu email" classname="Cenario: Visualizar codigo de desconto" time="0"/>
  <testcase name="E clico em ganhar cupom" classname="Cenario: Visualizar codigo de desconto" time="0"/>
  <testcase name="Entao vejo o codigo de desconto" classname="Cenario: Visualizar codigo de desconto" time="0"/>
  <testcase name="" classname="Cenario: Visualizar codigo de desconto" time="0"/>
</testsuite>